  Source.cpp
W:\TankSFML\TankSFML\Source.cpp(103,15): warning C4244: 'initializing': conversion from 'int' to 'float', possible loss of data
W:\TankSFML\TankSFML\HitTable.h(21,12): warning C4180: qualifier applied to function type has no meaning; ignored
W:\TankSFML\TankSFML\Source.cpp(618,50): warning C4244: 'argument': conversion from 'const double' to 'unsigned int', possible loss of data
W:\TankSFML\TankSFML\Source.cpp(618,42): warning C4244: 'argument': conversion from 'const double' to 'unsigned int', possible loss of data
W:\TankSFML\TankSFML\Source.cpp(732,48): warning C4244: 'argument': conversion from 'double' to 'T', possible loss of data
          with
          [
              T=float
          ]
W:\TankSFML\TankSFML\Source.cpp(732,39): warning C4244: 'argument': conversion from 'double' to 'T', possible loss of data
          with
          [
              T=float
          ]
W:\TankSFML\TankSFML\Source.cpp(733,20): warning C4244: 'argument': conversion from 'double' to 'float', possible loss of data
W:\TankSFML\TankSFML\Source.cpp(851,50): warning C4244: 'argument': conversion from 'double' to 'T', possible loss of data
          with
          [
              T=int
          ]
W:\TankSFML\TankSFML\Source.cpp(851,42): warning C4244: 'argument': conversion from 'double' to 'T', possible loss of data
          with
          [
              T=int
          ]
W:\TankSFML\TankSFML\Source.cpp(851,29): warning C4244: 'argument': conversion from 'double' to 'T', possible loss of data
          with
          [
              T=int
          ]
W:\TankSFML\TankSFML\Source.cpp(862,25): warning C4244: 'argument': conversion from 'double' to 'float', possible loss of data
W:\TankSFML\TankSFML\Source.cpp(862,22): warning C4244: 'argument': conversion from 'double' to 'float', possible loss of data
W:\TankSFML\TankSFML\Source.cpp(876,50): warning C4244: 'argument': conversion from 'double' to 'T', possible loss of data
          with
          [
              T=int
          ]
W:\TankSFML\TankSFML\Source.cpp(876,42): warning C4244: 'argument': conversion from 'double' to 'T', possible loss of data
          with
          [
              T=int
          ]
W:\TankSFML\TankSFML\Source.cpp(876,29): warning C4244: 'argument': conversion from 'double' to 'T', possible loss of data
          with
          [
              T=int
          ]
W:\TankSFML\TankSFML\Source.cpp(885,25): warning C4244: 'argument': conversion from 'double' to 'float', possible loss of data
W:\TankSFML\TankSFML\Source.cpp(885,22): warning C4244: 'argument': conversion from 'double' to 'float', possible loss of data
W:\TankSFML\TankSFML\Source.cpp(939,62): warning C4244: 'argument': conversion from 'double' to 'float', possible loss of data
W:\TankSFML\TankSFML\Source.cpp(939,38): warning C4244: 'argument': conversion from 'double' to 'float', possible loss of data
W:\TankSFML\TankSFML\Source.cpp(940,26): warning C4244: 'argument': conversion from 'double' to 'float', possible loss of data
W:\TankSFML\TankSFML\Source.cpp(940,22): warning C4244: 'argument': conversion from 'double' to 'float', possible loss of data
W:\TankSFML\TankSFML\Source.cpp(941,22): warning C4244: 'argument': conversion from 'double' to 'float', possible loss of data
W:\TankSFML\TankSFML\Source.cpp(1022,12): warning C4244: 'initializing': conversion from 'double' to 'int', possible loss of data
W:\TankSFML\TankSFML\Source.cpp(1084,24): warning C4244: 'argument': conversion from 'int' to 'float', possible loss of data
W:\TankSFML\TankSFML\Source.cpp(1152,23): warning C4244: 'argument': conversion from 'double' to 'float', possible loss of data
W:\TankSFML\TankSFML\Source.cpp(1152,20): warning C4244: 'argument': conversion from 'double' to 'float', possible loss of data
W:\TankSFML\TankSFML\Source.cpp(1153,33): warning C4244: 'argument': conversion from 'double' to 'T', possible loss of data
          with
          [
              T=float
          ]
W:\TankSFML\TankSFML\Source.cpp(1153,30): warning C4244: 'argument': conversion from 'double' to 'T', possible loss of data
          with
          [
              T=float
          ]
W:\TankSFML\TankSFML\Source.cpp(1158,23): warning C4244: 'argument': conversion from 'double' to 'float', possible loss of data
W:\TankSFML\TankSFML\Source.cpp(1158,20): warning C4244: 'argument': conversion from 'double' to 'float', possible loss of data
W:\TankSFML\TankSFML\Source.cpp(1159,49): warning C4244: 'argument': conversion from 'double' to 'T', possible loss of data
          with
          [
              T=float
          ]
W:\TankSFML\TankSFML\Source.cpp(1159,38): warning C4244: 'argument': conversion from 'double' to 'T', possible loss of data
          with
          [
              T=float
          ]
W:\TankSFML\TankSFML\Source.cpp(1367,127): warning C4244: 'argument': conversion from 'double' to 'sf::Uint8', possible loss of data
W:\TankSFML\TankSFML\Source.cpp(1412,71): warning C4244: 'argument': conversion from 'double' to 'float', possible loss of data
W:\TankSFML\TankSFML\Source.cpp(1412,42): warning C4244: 'argument': conversion from 'double' to 'float', possible loss of data
W:\TankSFML\TankSFML\Source.cpp(1728,40): warning C4305: 'argument': truncation from 'double' to 'float'
W:\TankSFML\TankSFML\Source.cpp(1752,24): warning C4244: 'argument': conversion from 'double' to 'float', possible loss of data
W:\TankSFML\TankSFML\Source.cpp(1752,20): warning C4244: 'argument': conversion from 'double' to 'float', possible loss of data
W:\TankSFML\TankSFML\Source.cpp(1753,38): warning C4244: 'argument': conversion from 'double' to 'T', possible loss of data
          with
          [
              T=float
          ]
W:\TankSFML\TankSFML\Source.cpp(1753,30): warning C4244: 'argument': conversion from 'double' to 'T', possible loss of data
          with
          [
              T=float
          ]
W:\TankSFML\TankSFML\Source.cpp(1757,8): warning C4244: 'initializing': conversion from 'double' to 'int', possible loss of data
W:\TankSFML\TankSFML\Source.cpp(1765,36): warning C4244: '=': conversion from 'double' to 'sf::Uint8', possible loss of data
W:\TankSFML\TankSFML\Source.cpp(1766,36): warning C4244: '=': conversion from 'double' to 'sf::Uint8', possible loss of data
W:\TankSFML\TankSFML\Source.cpp(1767,36): warning C4244: '=': conversion from 'double' to 'sf::Uint8', possible loss of data
W:\TankSFML\TankSFML\Source.cpp(1769,9): warning C4244: 'initializing': conversion from 'double' to 'int', possible loss of data
W:\TankSFML\TankSFML\Source.cpp(1770,9): warning C4244: 'initializing': conversion from 'double' to 'int', possible loss of data
W:\TankSFML\TankSFML\Source.cpp(1773,24): warning C4244: 'argument': conversion from 'int' to 'float', possible loss of data
W:\TankSFML\TankSFML\Source.cpp(1773,21): warning C4244: 'argument': conversion from 'int' to 'float', possible loss of data
W:\TankSFML\TankSFML\Source.cpp(1774,42): warning C4244: 'argument': conversion from 'double' to 'T', possible loss of data
          with
          [
              T=float
          ]
W:\TankSFML\TankSFML\Source.cpp(1791,27): warning C4244: 'argument': conversion from 'double' to 'float', possible loss of data
W:\TankSFML\TankSFML\Source.cpp(1791,20): warning C4244: 'argument': conversion from 'double' to 'float', possible loss of data
W:\TankSFML\TankSFML\Source.cpp(1972,63): warning C4244: 'argument': conversion from 'double' to 'float', possible loss of data
W:\TankSFML\TankSFML\Source.cpp(1972,31): warning C4244: 'argument': conversion from 'double' to 'float', possible loss of data
W:\TankSFML\TankSFML\Source.cpp(1986,62): warning C4244: 'argument': conversion from 'double' to 'sf::Uint8', possible loss of data
W:\TankSFML\TankSFML\Source.cpp(2006,62): warning C4244: 'argument': conversion from 'double' to 'sf::Uint8', possible loss of data
W:\TankSFML\TankSFML\Source.cpp(2046,62): warning C4244: 'argument': conversion from 'double' to 'sf::Uint8', possible loss of data
W:\TankSFML\TankSFML\Source.cpp(2092,22): warning C4244: 'argument': conversion from 'double' to 'float', possible loss of data
W:\TankSFML\TankSFML\Source.cpp(2093,33): warning C4244: 'argument': conversion from 'double' to 'float', possible loss of data
W:\TankSFML\TankSFML\Source.cpp(2093,26): warning C4244: 'argument': conversion from 'double' to 'float', possible loss of data
W:\TankSFML\TankSFML\Source.cpp(2098,29): warning C4244: 'argument': conversion from 'double' to 'float', possible loss of data
W:\TankSFML\TankSFML\Source.cpp(2098,24): warning C4244: 'argument': conversion from 'double' to 'float', possible loss of data
W:\TankSFML\TankSFML\Source.cpp(2100,34): warning C4244: 'argument': conversion from 'double' to 'T', possible loss of data
          with
          [
              T=float
          ]
W:\TankSFML\TankSFML\Source.cpp(2104,27): warning C4244: 'argument': conversion from 'double' to 'float', possible loss of data
W:\TankSFML\TankSFML\Source.cpp(2104,22): warning C4244: 'argument': conversion from 'double' to 'float', possible loss of data
W:\TankSFML\TankSFML\Source.cpp(2106,37): warning C4244: 'argument': conversion from 'double' to 'T', possible loss of data
          with
          [
              T=float
          ]
W:\TankSFML\TankSFML\Source.cpp(2239,21): warning C4244: 'argument': conversion from 'double' to 'int', possible loss of data
W:\TankSFML\TankSFML\Source.cpp(2263,25): warning C4244: 'argument': conversion from 'double' to 'int', possible loss of data
W:\TankSFML\TankSFML\Source.cpp(2312,31): warning C4244: '-=': conversion from 'double' to 'int', possible loss of data
  TankSFML.vcxproj -> W:\TankSFML\Debug\TankSFML.exe
