w:\tanksfml\tanksfml\debug\vc142.pdb
w:\tanksfml\tanksfml\debug\vc142.idb
w:\tanksfml\tanksfml\debug\source.obj
w:\tanksfml\debug\tanksfml.exe
w:\tanksfml\debug\tanksfml.ilk
w:\tanksfml\debug\tanksfml.pdb
w:\tanksfml\tanksfml\debug\vcpkg.applocal.log
w:\tanksfml\debug\sfml-audio-d-2.dll
w:\tanksfml\debug\sfml-system-d-2.dll
w:\tanksfml\debug\openal32.dll
w:\tanksfml\debug\vorbisenc.dll
w:\tanksfml\debug\vorbis.dll
w:\tanksfml\debug\ogg.dll
w:\tanksfml\debug\vorbisfile.dll
w:\tanksfml\debug\flac.dll
w:\tanksfml\debug\sfml-graphics-d-2.dll
w:\tanksfml\debug\sfml-window-d-2.dll
w:\tanksfml\debug\freetyped.dll
w:\tanksfml\debug\zlibd1.dll
w:\tanksfml\debug\bz2d.dll
w:\tanksfml\debug\libpng16d.dll
w:\tanksfml\tanksfml\debug\tanksfml.tlog\cl.command.1.tlog
w:\tanksfml\tanksfml\debug\tanksfml.tlog\cl.read.1.tlog
w:\tanksfml\tanksfml\debug\tanksfml.tlog\cl.write.1.tlog
w:\tanksfml\tanksfml\debug\tanksfml.tlog\link.command.1.tlog
w:\tanksfml\tanksfml\debug\tanksfml.tlog\link.read.1.tlog
w:\tanksfml\tanksfml\debug\tanksfml.tlog\link.write.1.tlog
w:\tanksfml\tanksfml\debug\tanksfml.tlog\tanksfml.write.1u.tlog
